<?xml version="1.0" encoding="UTF-8"?>
<testng-results ignored="0" total="1" passed="1" failed="0" skipped="0">
  <reporter-output>
  </reporter-output>
  <suite started-at="2022-02-28T22:23:46 GMT" name="Default suite" finished-at="2022-02-28T22:23:52 GMT" duration-ms="5601">
    <groups>
    </groups>
    <test started-at="2022-02-28T22:23:46 GMT" name="Default test" finished-at="2022-02-28T22:23:52 GMT" duration-ms="5601">
      <class name="th.test">
        <test-method signature="se()[pri:0, instance:th.test@383bfa16]" started-at="2022-02-28T22:23:46 GMT" name="se" finished-at="2022-02-28T22:23:52 GMT" duration-ms="5546" status="PASS">
          <reporter-output>
          </reporter-output>
        </test-method> <!-- se -->
      </class> <!-- th.test -->
    </test> <!-- Default test -->
  </suite> <!-- Default suite -->
</testng-results>
